<?xml version="1.0" encoding="UTF-8"?>
<testsuite name="com.bifos.dooray.mcp.client.dooray.WikiDoorayIntegrationTest" tests="1" skipped="0" failures="1" errors="0" timestamp="2025-08-20T09:05:02.186Z" hostname="MN01609710.local" time="0.0">
  <properties/>
  <testcase name="initializationError" classname="com.bifos.dooray.mcp.client.dooray.WikiDoorayIntegrationTest" time="0.0">
    <failure message="java.lang.IllegalStateException: DOORAY_BASE_URL 환경변수가 설정되지 않았습니다." type="java.lang.IllegalStateException">java.lang.IllegalStateException: DOORAY_BASE_URL 환경변수가 설정되지 않았습니다.
	at com.bifos.dooray.mcp.client.dooray.BaseDoorayIntegrationTest.setup(BaseDoorayIntegrationTest.kt:30)
	at java.base/java.lang.reflect.Method.invoke(Method.java:580)
	at java.base/java.util.ArrayList.forEach(ArrayList.java:1596)
</failure>
  </testcase>
  <system-out><![CDATA[⚠️ 환경변수와 .env 파일이 모두 없습니다.
]]>&#x1f4a1;<![CDATA[ GitHub Actions에서는 secrets를 설정하고, 로컬에서는 .env 파일을 생성해주세요.
  .env 파일 예시:
  DOORAY_API_KEY=your_api_key_here
  DOORAY_BASE_URL=your_base_url_here
  DOORAY_PROJECT_ID=your_project_id_here
]]>&#x1f9f9;<![CDATA[ 테스트 완료 후 생성된 데이터를 정리합니다...
]]></system-out>
  <system-err><![CDATA[]]></system-err>
</testsuite>
